[2023-08-02 17:36:13] local.ERROR: SQLSTATE[42000]: Syntax error or access violation: 1071 Specified key was too long; max key length is 767 bytes (SQL: alter table `users` add unique `users_email_unique`(`email`)) {"exception":"[object] (Illuminate\\Database\\QueryException(code: 42000): SQLSTATE[42000]: Syntax error or access violation: 1071 Specified key was too long; max key length is 767 bytes (SQL: alter table `users` add unique `users_email_unique`(`email`)) at C:\\Users\\arifh\\Desktop\\stajjjjjjj\\laravel-school-management-system\\vendor\\laravel\\framework\\src\\Illuminate\\Database\\Connection.php:671)
[stacktrace]
#0 C:\\Users\\arifh\\Desktop\\stajjjjjjj\\laravel-school-management-system\\vendor\\laravel\\framework\\src\\Illuminate\\Database\\Connection.php(631): Illuminate\\Database\\Connection->runQueryCallback('alter table `us...', Array, Object(Closure))
#1 C:\\Users\\arifh\\Desktop\\stajjjjjjj\\laravel-school-management-system\\vendor\\laravel\\framework\\src\\Illuminate\\Database\\Connection.php(465): Illuminate\\Database\\Connection->run('alter table `us...', Array, Object(Closure))
#2 C:\\Users\\arifh\\Desktop\\stajjjjjjj\\laravel-school-management-system\\vendor\\laravel\\framework\\src\\Illuminate\\Database\\Schema\\Blueprint.php(102): Illuminate\\Database\\Connection->statement('alter table `us...')
#3 C:\\Users\\arifh\\Desktop\\stajjjjjjj\\laravel-school-management-system\\vendor\\laravel\\framework\\src\\Illuminate\\Database\\Schema\\Builder.php(290): Illuminate\\Database\\Schema\\Blueprint->build(Object(Illuminate\\Database\\MySqlConnection), Object(Illuminate\\Database\\Schema\\Grammars\\MySqlGrammar))
#4 C:\\Users\\arifh\\Desktop\\stajjjjjjj\\laravel-school-management-system\\vendor\\laravel\\framework\\src\\Illuminate\\Database\\Schema\\Builder.php(167): Illuminate\\Database\\Schema\\Builder->build(Object(Illuminate\\Database\\Schema\\Blueprint))
#5 C:\\Users\\arifh\\Desktop\\stajjjjjjj\\laravel-school-management-system\\vendor\\laravel\\framework\\src\\Illuminate\\Support\\Facades\\Facade.php(261): Illuminate\\Database\\Schema\\Builder->create('users', Object(Closure))
#6 C:\\Users\\arifh\\Desktop\\stajjjjjjj\\laravel-school-management-system\\database\\migrations\\2014_10_12_000000_create_users_table.php(25): Illuminate\\Support\\Facades\\Facade::__callStatic('create', Array)
#7 C:\\Users\\arifh\\Desktop\\stajjjjjjj\\laravel-school-management-system\\vendor\\laravel\\framework\\src\\Illuminate\\Database\\Migrations\\Migrator.php(392): CreateUsersTable->up()
#8 C:\\Users\\arifh\\Desktop\\stajjjjjjj\\laravel-school-management-system\\vendor\\laravel\\framework\\src\\Illuminate\\Database\\Migrations\\Migrator.php(401): Illuminate\\Database\\Migrations\\Migrator->Illuminate\\Database\\Migrations\\{closure}()
#9 C:\\Users\\arifh\\Desktop\\stajjjjjjj\\laravel-school-management-system\\vendor\\laravel\\framework\\src\\Illuminate\\Database\\Migrations\\Migrator.php(200): Illuminate\\Database\\Migrations\\Migrator->runMigration(Object(CreateUsersTable), 'up')
#10 C:\\Users\\arifh\\Desktop\\stajjjjjjj\\laravel-school-management-system\\vendor\\laravel\\framework\\src\\Illuminate\\Database\\Migrations\\Migrator.php(165): Illuminate\\Database\\Migrations\\Migrator->runUp('C:\\\\Users\\\\arifh\\\\...', 1, false)
#11 C:\\Users\\arifh\\Desktop\\stajjjjjjj\\laravel-school-management-system\\vendor\\laravel\\framework\\src\\Illuminate\\Database\\Migrations\\Migrator.php(110): Illuminate\\Database\\Migrations\\Migrator->runPending(Array, Array)
#12 C:\\Users\\arifh\\Desktop\\stajjjjjjj\\laravel-school-management-system\\vendor\\laravel\\framework\\src\\Illuminate\\Database\\Console\\Migrations\\MigrateCommand.php(72): Illuminate\\Database\\Migrations\\Migrator->run(Array, Array)
#13 C:\\Users\\arifh\\Desktop\\stajjjjjjj\\laravel-school-management-system\\vendor\\laravel\\framework\\src\\Illuminate\\Database\\Migrations\\Migrator.php(541): Illuminate\\Database\\Console\\Migrations\\MigrateCommand->Illuminate\\Database\\Console\\Migrations\\{closure}()
#14 C:\\Users\\arifh\\Desktop\\stajjjjjjj\\laravel-school-management-system\\vendor\\laravel\\framework\\src\\Illuminate\\Database\\Console\\Migrations\\MigrateCommand.php(81): Illuminate\\Database\\Migrations\\Migrator->usingConnection(NULL, Object(Closure))
#15 [internal function]: Illuminate\\Database\\Console\\Migrations\\MigrateCommand->handle()
#16 C:\\Users\\arifh\\Desktop\\stajjjjjjj\\laravel-school-management-system\\vendor\\laravel\\framework\\src\\Illuminate\\Container\\BoundMethod.php(37): call_user_func_array(Array, Array)
#17 C:\\Users\\arifh\\Desktop\\stajjjjjjj\\laravel-school-management-system\\vendor\\laravel\\framework\\src\\Illuminate\\Container\\Util.php(37): Illuminate\\Container\\BoundMethod::Illuminate\\Container\\{closure}()
#18 C:\\Users\\arifh\\Desktop\\stajjjjjjj\\laravel-school-management-system\\vendor\\laravel\\framework\\src\\Illuminate\\Container\\BoundMethod.php(95): Illuminate\\Container\\Util::unwrapIfClosure(Object(Closure))
#19 C:\\Users\\arifh\\Desktop\\stajjjjjjj\\laravel-school-management-system\\vendor\\laravel\\framework\\src\\Illuminate\\Container\\BoundMethod.php(39): Illuminate\\Container\\BoundMethod::callBoundMethod(Object(Illuminate\\Foundation\\Application), Array, Object(Closure))
#20 C:\\Users\\arifh\\Desktop\\stajjjjjjj\\laravel-school-management-system\\vendor\\laravel\\framework\\src\\Illuminate\\Container\\Container.php(596): Illuminate\\Container\\BoundMethod::call(Object(Illuminate\\Foundation\\Application), Array, Array, NULL)
#21 C:\\Users\\arifh\\Desktop\\stajjjjjjj\\laravel-school-management-system\\vendor\\laravel\\framework\\src\\Illuminate\\Console\\Command.php(134): Illuminate\\Container\\Container->call(Array)
#22 C:\\Users\\arifh\\Desktop\\stajjjjjjj\\laravel-school-management-system\\vendor\\symfony\\console\\Command\\Command.php(258): Illuminate\\Console\\Command->execute(Object(Symfony\\Component\\Console\\Input\\ArgvInput), Object(Illuminate\\Console\\OutputStyle))
#23 C:\\Users\\arifh\\Desktop\\stajjjjjjj\\laravel-school-management-system\\vendor\\laravel\\framework\\src\\Illuminate\\Console\\Command.php(121): Symfony\\Component\\Console\\Command\\Command->run(Object(Symfony\\Component\\Console\\Input\\ArgvInput), Object(Illuminate\\Console\\OutputStyle))
#24 C:\\Users\\arifh\\Desktop\\stajjjjjjj\\laravel-school-management-system\\vendor\\symfony\\console\\Application.php(916): Illuminate\\Console\\Command->run(Object(Symfony\\Component\\Console\\Input\\ArgvInput), Object(Symfony\\Component\\Console\\Output\\ConsoleOutput))
#25 C:\\Users\\arifh\\Desktop\\stajjjjjjj\\laravel-school-management-system\\vendor\\symfony\\console\\Application.php(264): Symfony\\Component\\Console\\Application->doRunCommand(Object(Illuminate\\Database\\Console\\Migrations\\MigrateCommand), Object(Symfony\\Component\\Console\\Input\\ArgvInput), Object(Symfony\\Component\\Console\\Output\\ConsoleOutput))
#26 C:\\Users\\arifh\\Desktop\\stajjjjjjj\\laravel-school-management-system\\vendor\\symfony\\console\\Application.php(140): Symfony\\Component\\Console\\Application->doRun(Object(Symfony\\Component\\Console\\Input\\ArgvInput), Object(Symfony\\Component\\Console\\Output\\ConsoleOutput))
#27 C:\\Users\\arifh\\Desktop\\stajjjjjjj\\laravel-school-management-system\\vendor\\laravel\\framework\\src\\Illuminate\\Console\\Application.php(93): Symfony\\Component\\Console\\Application->run(Object(Symfony\\Component\\Console\\Input\\ArgvInput), Object(Symfony\\Component\\Console\\Output\\ConsoleOutput))
#28 C:\\Users\\arifh\\Desktop\\stajjjjjjj\\laravel-school-management-system\\vendor\\laravel\\framework\\src\\Illuminate\\Foundation\\Console\\Kernel.php(129): Illuminate\\Console\\Application->run(Object(Symfony\\Component\\Console\\Input\\ArgvInput), Object(Symfony\\Component\\Console\\Output\\ConsoleOutput))
#29 C:\\Users\\arifh\\Desktop\\stajjjjjjj\\laravel-school-management-system\\artisan(37): Illuminate\\Foundation\\Console\\Kernel->handle(Object(Symfony\\Component\\Console\\Input\\ArgvInput), Object(Symfony\\Component\\Console\\Output\\ConsoleOutput))
#30 {main}

[previous exception] [object] (PDOException(code: 42000): SQLSTATE[42000]: Syntax error or access violation: 1071 Specified key was too long; max key length is 767 bytes at C:\\Users\\arifh\\Desktop\\stajjjjjjj\\laravel-school-management-system\\vendor\\laravel\\framework\\src\\Illuminate\\Database\\Connection.php:464)
[stacktrace]
#0 C:\\Users\\arifh\\Desktop\\stajjjjjjj\\laravel-school-management-system\\vendor\\laravel\\framework\\src\\Illuminate\\Database\\Connection.php(464): PDOStatement->execute()
#1 C:\\Users\\arifh\\Desktop\\stajjjjjjj\\laravel-school-management-system\\vendor\\laravel\\framework\\src\\Illuminate\\Database\\Connection.php(664): Illuminate\\Database\\Connection->Illuminate\\Database\\{closure}('alter table `us...', Array)
#2 C:\\Users\\arifh\\Desktop\\stajjjjjjj\\laravel-school-management-system\\vendor\\laravel\\framework\\src\\Illuminate\\Database\\Connection.php(631): Illuminate\\Database\\Connection->runQueryCallback('alter table `us...', Array, Object(Closure))
#3 C:\\Users\\arifh\\Desktop\\stajjjjjjj\\laravel-school-management-system\\vendor\\laravel\\framework\\src\\Illuminate\\Database\\Connection.php(465): Illuminate\\Database\\Connection->run('alter table `us...', Array, Object(Closure))
#4 C:\\Users\\arifh\\Desktop\\stajjjjjjj\\laravel-school-management-system\\vendor\\laravel\\framework\\src\\Illuminate\\Database\\Schema\\Blueprint.php(102): Illuminate\\Database\\Connection->statement('alter table `us...')
#5 C:\\Users\\arifh\\Desktop\\stajjjjjjj\\laravel-school-management-system\\vendor\\laravel\\framework\\src\\Illuminate\\Database\\Schema\\Builder.php(290): Illuminate\\Database\\Schema\\Blueprint->build(Object(Illuminate\\Database\\MySqlConnection), Object(Illuminate\\Database\\Schema\\Grammars\\MySqlGrammar))
#6 C:\\Users\\arifh\\Desktop\\stajjjjjjj\\laravel-school-management-system\\vendor\\laravel\\framework\\src\\Illuminate\\Database\\Schema\\Builder.php(167): Illuminate\\Database\\Schema\\Builder->build(Object(Illuminate\\Database\\Schema\\Blueprint))
#7 C:\\Users\\arifh\\Desktop\\stajjjjjjj\\laravel-school-management-system\\vendor\\laravel\\framework\\src\\Illuminate\\Support\\Facades\\Facade.php(261): Illuminate\\Database\\Schema\\Builder->create('users', Object(Closure))
#8 C:\\Users\\arifh\\Desktop\\stajjjjjjj\\laravel-school-management-system\\database\\migrations\\2014_10_12_000000_create_users_table.php(25): Illuminate\\Support\\Facades\\Facade::__callStatic('create', Array)
#9 C:\\Users\\arifh\\Desktop\\stajjjjjjj\\laravel-school-management-system\\vendor\\laravel\\framework\\src\\Illuminate\\Database\\Migrations\\Migrator.php(392): CreateUsersTable->up()
#10 C:\\Users\\arifh\\Desktop\\stajjjjjjj\\laravel-school-management-system\\vendor\\laravel\\framework\\src\\Illuminate\\Database\\Migrations\\Migrator.php(401): Illuminate\\Database\\Migrations\\Migrator->Illuminate\\Database\\Migrations\\{closure}()
#11 C:\\Users\\arifh\\Desktop\\stajjjjjjj\\laravel-school-management-system\\vendor\\laravel\\framework\\src\\Illuminate\\Database\\Migrations\\Migrator.php(200): Illuminate\\Database\\Migrations\\Migrator->runMigration(Object(CreateUsersTable), 'up')
#12 C:\\Users\\arifh\\Desktop\\stajjjjjjj\\laravel-school-management-system\\vendor\\laravel\\framework\\src\\Illuminate\\Database\\Migrations\\Migrator.php(165): Illuminate\\Database\\Migrations\\Migrator->runUp('C:\\\\Users\\\\arifh\\\\...', 1, false)
#13 C:\\Users\\arifh\\Desktop\\stajjjjjjj\\laravel-school-management-system\\vendor\\laravel\\framework\\src\\Illuminate\\Database\\Migrations\\Migrator.php(110): Illuminate\\Database\\Migrations\\Migrator->runPending(Array, Array)
#14 C:\\Users\\arifh\\Desktop\\stajjjjjjj\\laravel-school-management-system\\vendor\\laravel\\framework\\src\\Illuminate\\Database\\Console\\Migrations\\MigrateCommand.php(72): Illuminate\\Database\\Migrations\\Migrator->run(Array, Array)
#15 C:\\Users\\arifh\\Desktop\\stajjjjjjj\\laravel-school-management-system\\vendor\\laravel\\framework\\src\\Illuminate\\Database\\Migrations\\Migrator.php(541): Illuminate\\Database\\Console\\Migrations\\MigrateCommand->Illuminate\\Database\\Console\\Migrations\\{closure}()
#16 C:\\Users\\arifh\\Desktop\\stajjjjjjj\\laravel-school-management-system\\vendor\\laravel\\framework\\src\\Illuminate\\Database\\Console\\Migrations\\MigrateCommand.php(81): Illuminate\\Database\\Migrations\\Migrator->usingConnection(NULL, Object(Closure))
#17 [internal function]: Illuminate\\Database\\Console\\Migrations\\MigrateCommand->handle()
#18 C:\\Users\\arifh\\Desktop\\stajjjjjjj\\laravel-school-management-system\\vendor\\laravel\\framework\\src\\Illuminate\\Container\\BoundMethod.php(37): call_user_func_array(Array, Array)
#19 C:\\Users\\arifh\\Desktop\\stajjjjjjj\\laravel-school-management-system\\vendor\\laravel\\framework\\src\\Illuminate\\Container\\Util.php(37): Illuminate\\Container\\BoundMethod::Illuminate\\Container\\{closure}()
#20 C:\\Users\\arifh\\Desktop\\stajjjjjjj\\laravel-school-management-system\\vendor\\laravel\\framework\\src\\Illuminate\\Container\\BoundMethod.php(95): Illuminate\\Container\\Util::unwrapIfClosure(Object(Closure))
#21 C:\\Users\\arifh\\Desktop\\stajjjjjjj\\laravel-school-management-system\\vendor\\laravel\\framework\\src\\Illuminate\\Container\\BoundMethod.php(39): Illuminate\\Container\\BoundMethod::callBoundMethod(Object(Illuminate\\Foundation\\Application), Array, Object(Closure))
#22 C:\\Users\\arifh\\Desktop\\stajjjjjjj\\laravel-school-management-system\\vendor\\laravel\\framework\\src\\Illuminate\\Container\\Container.php(596): Illuminate\\Container\\BoundMethod::call(Object(Illuminate\\Foundation\\Application), Array, Array, NULL)
#23 C:\\Users\\arifh\\Desktop\\stajjjjjjj\\laravel-school-management-system\\vendor\\laravel\\framework\\src\\Illuminate\\Console\\Command.php(134): Illuminate\\Container\\Container->call(Array)
#24 C:\\Users\\arifh\\Desktop\\stajjjjjjj\\laravel-school-management-system\\vendor\\symfony\\console\\Command\\Command.php(258): Illuminate\\Console\\Command->execute(Object(Symfony\\Component\\Console\\Input\\ArgvInput), Object(Illuminate\\Console\\OutputStyle))
#25 C:\\Users\\arifh\\Desktop\\stajjjjjjj\\laravel-school-management-system\\vendor\\laravel\\framework\\src\\Illuminate\\Console\\Command.php(121): Symfony\\Component\\Console\\Command\\Command->run(Object(Symfony\\Component\\Console\\Input\\ArgvInput), Object(Illuminate\\Console\\OutputStyle))
#26 C:\\Users\\arifh\\Desktop\\stajjjjjjj\\laravel-school-management-system\\vendor\\symfony\\console\\Application.php(916): Illuminate\\Console\\Command->run(Object(Symfony\\Component\\Console\\Input\\ArgvInput), Object(Symfony\\Component\\Console\\Output\\ConsoleOutput))
#27 C:\\Users\\arifh\\Desktop\\stajjjjjjj\\laravel-school-management-system\\vendor\\symfony\\console\\Application.php(264): Symfony\\Component\\Console\\Application->doRunCommand(Object(Illuminate\\Database\\Console\\Migrations\\MigrateCommand), Object(Symfony\\Component\\Console\\Input\\ArgvInput), Object(Symfony\\Component\\Console\\Output\\ConsoleOutput))
#28 C:\\Users\\arifh\\Desktop\\stajjjjjjj\\laravel-school-management-system\\vendor\\symfony\\console\\Application.php(140): Symfony\\Component\\Console\\Application->doRun(Object(Symfony\\Component\\Console\\Input\\ArgvInput), Object(Symfony\\Component\\Console\\Output\\ConsoleOutput))
#29 C:\\Users\\arifh\\Desktop\\stajjjjjjj\\laravel-school-management-system\\vendor\\laravel\\framework\\src\\Illuminate\\Console\\Application.php(93): Symfony\\Component\\Console\\Application->run(Object(Symfony\\Component\\Console\\Input\\ArgvInput), Object(Symfony\\Component\\Console\\Output\\ConsoleOutput))
#30 C:\\Users\\arifh\\Desktop\\stajjjjjjj\\laravel-school-management-system\\vendor\\laravel\\framework\\src\\Illuminate\\Foundation\\Console\\Kernel.php(129): Illuminate\\Console\\Application->run(Object(Symfony\\Component\\Console\\Input\\ArgvInput), Object(Symfony\\Component\\Console\\Output\\ConsoleOutput))
#31 C:\\Users\\arifh\\Desktop\\stajjjjjjj\\laravel-school-management-system\\artisan(37): Illuminate\\Foundation\\Console\\Kernel->handle(Object(Symfony\\Component\\Console\\Input\\ArgvInput), Object(Symfony\\Component\\Console\\Output\\ConsoleOutput))
#32 {main}
"} 
[2023-08-02 17:36:28] local.ERROR: SQLSTATE[42S01]: Base table or view already exists: 1050 Table 'users' already exists (SQL: create table `users` (`id` bigint unsigned not null auto_increment primary key, `name` varchar(255) not null, `email` varchar(255) not null, `email_verified_at` timestamp null, `password` varchar(255) not null, `profile_picture` varchar(255) not null default 'avatar.png', `remember_token` varchar(100) null, `created_at` timestamp null, `updated_at` timestamp null) default character set utf8mb4 collate 'utf8mb4_unicode_ci') {"exception":"[object] (Illuminate\\Database\\QueryException(code: 42S01): SQLSTATE[42S01]: Base table or view already exists: 1050 Table 'users' already exists (SQL: create table `users` (`id` bigint unsigned not null auto_increment primary key, `name` varchar(255) not null, `email` varchar(255) not null, `email_verified_at` timestamp null, `password` varchar(255) not null, `profile_picture` varchar(255) not null default 'avatar.png', `remember_token` varchar(100) null, `created_at` timestamp null, `updated_at` timestamp null) default character set utf8mb4 collate 'utf8mb4_unicode_ci') at C:\\Users\\arifh\\Desktop\\stajjjjjjj\\laravel-school-management-system\\vendor\\laravel\\framework\\src\\Illuminate\\Database\\Connection.php:671)
[stacktrace]
#0 C:\\Users\\arifh\\Desktop\\stajjjjjjj\\laravel-school-management-system\\vendor\\laravel\\framework\\src\\Illuminate\\Database\\Connection.php(631): Illuminate\\Database\\Connection->runQueryCallback('create table `u...', Array, Object(Closure))
#1 C:\\Users\\arifh\\Desktop\\stajjjjjjj\\laravel-school-management-system\\vendor\\laravel\\framework\\src\\Illuminate\\Database\\Connection.php(465): Illuminate\\Database\\Connection->run('create table `u...', Array, Object(Closure))
#2 C:\\Users\\arifh\\Desktop\\stajjjjjjj\\laravel-school-management-system\\vendor\\laravel\\framework\\src\\Illuminate\\Database\\Schema\\Blueprint.php(102): Illuminate\\Database\\Connection->statement('create table `u...')
#3 C:\\Users\\arifh\\Desktop\\stajjjjjjj\\laravel-school-management-system\\vendor\\laravel\\framework\\src\\Illuminate\\Database\\Schema\\Builder.php(290): Illuminate\\Database\\Schema\\Blueprint->build(Object(Illuminate\\Database\\MySqlConnection), Object(Illuminate\\Database\\Schema\\Grammars\\MySqlGrammar))
#4 C:\\Users\\arifh\\Desktop\\stajjjjjjj\\laravel-school-management-system\\vendor\\laravel\\framework\\src\\Illuminate\\Database\\Schema\\Builder.php(167): Illuminate\\Database\\Schema\\Builder->build(Object(Illuminate\\Database\\Schema\\Blueprint))
#5 C:\\Users\\arifh\\Desktop\\stajjjjjjj\\laravel-school-management-system\\vendor\\laravel\\framework\\src\\Illuminate\\Support\\Facades\\Facade.php(261): Illuminate\\Database\\Schema\\Builder->create('users', Object(Closure))
#6 C:\\Users\\arifh\\Desktop\\stajjjjjjj\\laravel-school-management-system\\database\\migrations\\2014_10_12_000000_create_users_table.php(25): Illuminate\\Support\\Facades\\Facade::__callStatic('create', Array)
#7 C:\\Users\\arifh\\Desktop\\stajjjjjjj\\laravel-school-management-system\\vendor\\laravel\\framework\\src\\Illuminate\\Database\\Migrations\\Migrator.php(392): CreateUsersTable->up()
#8 C:\\Users\\arifh\\Desktop\\stajjjjjjj\\laravel-school-management-system\\vendor\\laravel\\framework\\src\\Illuminate\\Database\\Migrations\\Migrator.php(401): Illuminate\\Database\\Migrations\\Migrator->Illuminate\\Database\\Migrations\\{closure}()
#9 C:\\Users\\arifh\\Desktop\\stajjjjjjj\\laravel-school-management-system\\vendor\\laravel\\framework\\src\\Illuminate\\Database\\Migrations\\Migrator.php(200): Illuminate\\Database\\Migrations\\Migrator->runMigration(Object(CreateUsersTable), 'up')
#10 C:\\Users\\arifh\\Desktop\\stajjjjjjj\\laravel-school-management-system\\vendor\\laravel\\framework\\src\\Illuminate\\Database\\Migrations\\Migrator.php(165): Illuminate\\Database\\Migrations\\Migrator->runUp('C:\\\\Users\\\\arifh\\\\...', 1, false)
#11 C:\\Users\\arifh\\Desktop\\stajjjjjjj\\laravel-school-management-system\\vendor\\laravel\\framework\\src\\Illuminate\\Database\\Migrations\\Migrator.php(110): Illuminate\\Database\\Migrations\\Migrator->runPending(Array, Array)
#12 C:\\Users\\arifh\\Desktop\\stajjjjjjj\\laravel-school-management-system\\vendor\\laravel\\framework\\src\\Illuminate\\Database\\Console\\Migrations\\MigrateCommand.php(72): Illuminate\\Database\\Migrations\\Migrator->run(Array, Array)
#13 C:\\Users\\arifh\\Desktop\\stajjjjjjj\\laravel-school-management-system\\vendor\\laravel\\framework\\src\\Illuminate\\Database\\Migrations\\Migrator.php(541): Illuminate\\Database\\Console\\Migrations\\MigrateCommand->Illuminate\\Database\\Console\\Migrations\\{closure}()
#14 C:\\Users\\arifh\\Desktop\\stajjjjjjj\\laravel-school-management-system\\vendor\\laravel\\framework\\src\\Illuminate\\Database\\Console\\Migrations\\MigrateCommand.php(81): Illuminate\\Database\\Migrations\\Migrator->usingConnection(NULL, Object(Closure))
#15 [internal function]: Illuminate\\Database\\Console\\Migrations\\MigrateCommand->handle()
#16 C:\\Users\\arifh\\Desktop\\stajjjjjjj\\laravel-school-management-system\\vendor\\laravel\\framework\\src\\Illuminate\\Container\\BoundMethod.php(37): call_user_func_array(Array, Array)
#17 C:\\Users\\arifh\\Desktop\\stajjjjjjj\\laravel-school-management-system\\vendor\\laravel\\framework\\src\\Illuminate\\Container\\Util.php(37): Illuminate\\Container\\BoundMethod::Illuminate\\Container\\{closure}()
#18 C:\\Users\\arifh\\Desktop\\stajjjjjjj\\laravel-school-management-system\\vendor\\laravel\\framework\\src\\Illuminate\\Container\\BoundMethod.php(95): Illuminate\\Container\\Util::unwrapIfClosure(Object(Closure))
#19 C:\\Users\\arifh\\Desktop\\stajjjjjjj\\laravel-school-management-system\\vendor\\laravel\\framework\\src\\Illuminate\\Container\\BoundMethod.php(39): Illuminate\\Container\\BoundMethod::callBoundMethod(Object(Illuminate\\Foundation\\Application), Array, Object(Closure))
#20 C:\\Users\\arifh\\Desktop\\stajjjjjjj\\laravel-school-management-system\\vendor\\laravel\\framework\\src\\Illuminate\\Container\\Container.php(596): Illuminate\\Container\\BoundMethod::call(Object(Illuminate\\Foundation\\Application), Array, Array, NULL)
#21 C:\\Users\\arifh\\Desktop\\stajjjjjjj\\laravel-school-management-system\\vendor\\laravel\\framework\\src\\Illuminate\\Console\\Command.php(134): Illuminate\\Container\\Container->call(Array)
#22 C:\\Users\\arifh\\Desktop\\stajjjjjjj\\laravel-school-management-system\\vendor\\symfony\\console\\Command\\Command.php(258): Illuminate\\Console\\Command->execute(Object(Symfony\\Component\\Console\\Input\\ArgvInput), Object(Illuminate\\Console\\OutputStyle))
#23 C:\\Users\\arifh\\Desktop\\stajjjjjjj\\laravel-school-management-system\\vendor\\laravel\\framework\\src\\Illuminate\\Console\\Command.php(121): Symfony\\Component\\Console\\Command\\Command->run(Object(Symfony\\Component\\Console\\Input\\ArgvInput), Object(Illuminate\\Console\\OutputStyle))
#24 C:\\Users\\arifh\\Desktop\\stajjjjjjj\\laravel-school-management-system\\vendor\\symfony\\console\\Application.php(916): Illuminate\\Console\\Command->run(Object(Symfony\\Component\\Console\\Input\\ArgvInput), Object(Symfony\\Component\\Console\\Output\\ConsoleOutput))
#25 C:\\Users\\arifh\\Desktop\\stajjjjjjj\\laravel-school-management-system\\vendor\\symfony\\console\\Application.php(264): Symfony\\Component\\Console\\Application->doRunCommand(Object(Illuminate\\Database\\Console\\Migrations\\MigrateCommand), Object(Symfony\\Component\\Console\\Input\\ArgvInput), Object(Symfony\\Component\\Console\\Output\\ConsoleOutput))
#26 C:\\Users\\arifh\\Desktop\\stajjjjjjj\\laravel-school-management-system\\vendor\\symfony\\console\\Application.php(140): Symfony\\Component\\Console\\Application->doRun(Object(Symfony\\Component\\Console\\Input\\ArgvInput), Object(Symfony\\Component\\Console\\Output\\ConsoleOutput))
#27 C:\\Users\\arifh\\Desktop\\stajjjjjjj\\laravel-school-management-system\\vendor\\laravel\\framework\\src\\Illuminate\\Console\\Application.php(93): Symfony\\Component\\Console\\Application->run(Object(Symfony\\Component\\Console\\Input\\ArgvInput), Object(Symfony\\Component\\Console\\Output\\ConsoleOutput))
#28 C:\\Users\\arifh\\Desktop\\stajjjjjjj\\laravel-school-management-system\\vendor\\laravel\\framework\\src\\Illuminate\\Foundation\\Console\\Kernel.php(129): Illuminate\\Console\\Application->run(Object(Symfony\\Component\\Console\\Input\\ArgvInput), Object(Symfony\\Component\\Console\\Output\\ConsoleOutput))
#29 C:\\Users\\arifh\\Desktop\\stajjjjjjj\\laravel-school-management-system\\artisan(37): Illuminate\\Foundation\\Console\\Kernel->handle(Object(Symfony\\Component\\Console\\Input\\ArgvInput), Object(Symfony\\Component\\Console\\Output\\ConsoleOutput))
#30 {main}

[previous exception] [object] (PDOException(code: 42S01): SQLSTATE[42S01]: Base table or view already exists: 1050 Table 'users' already exists at C:\\Users\\arifh\\Desktop\\stajjjjjjj\\laravel-school-management-system\\vendor\\laravel\\framework\\src\\Illuminate\\Database\\Connection.php:464)
[stacktrace]
#0 C:\\Users\\arifh\\Desktop\\stajjjjjjj\\laravel-school-management-system\\vendor\\laravel\\framework\\src\\Illuminate\\Database\\Connection.php(464): PDOStatement->execute()
#1 C:\\Users\\arifh\\Desktop\\stajjjjjjj\\laravel-school-management-system\\vendor\\laravel\\framework\\src\\Illuminate\\Database\\Connection.php(664): Illuminate\\Database\\Connection->Illuminate\\Database\\{closure}('create table `u...', Array)
#2 C:\\Users\\arifh\\Desktop\\stajjjjjjj\\laravel-school-management-system\\vendor\\laravel\\framework\\src\\Illuminate\\Database\\Connection.php(631): Illuminate\\Database\\Connection->runQueryCallback('create table `u...', Array, Object(Closure))
#3 C:\\Users\\arifh\\Desktop\\stajjjjjjj\\laravel-school-management-system\\vendor\\laravel\\framework\\src\\Illuminate\\Database\\Connection.php(465): Illuminate\\Database\\Connection->run('create table `u...', Array, Object(Closure))
#4 C:\\Users\\arifh\\Desktop\\stajjjjjjj\\laravel-school-management-system\\vendor\\laravel\\framework\\src\\Illuminate\\Database\\Schema\\Blueprint.php(102): Illuminate\\Database\\Connection->statement('create table `u...')
#5 C:\\Users\\arifh\\Desktop\\stajjjjjjj\\laravel-school-management-system\\vendor\\laravel\\framework\\src\\Illuminate\\Database\\Schema\\Builder.php(290): Illuminate\\Database\\Schema\\Blueprint->build(Object(Illuminate\\Database\\MySqlConnection), Object(Illuminate\\Database\\Schema\\Grammars\\MySqlGrammar))
#6 C:\\Users\\arifh\\Desktop\\stajjjjjjj\\laravel-school-management-system\\vendor\\laravel\\framework\\src\\Illuminate\\Database\\Schema\\Builder.php(167): Illuminate\\Database\\Schema\\Builder->build(Object(Illuminate\\Database\\Schema\\Blueprint))
#7 C:\\Users\\arifh\\Desktop\\stajjjjjjj\\laravel-school-management-system\\vendor\\laravel\\framework\\src\\Illuminate\\Support\\Facades\\Facade.php(261): Illuminate\\Database\\Schema\\Builder->create('users', Object(Closure))
#8 C:\\Users\\arifh\\Desktop\\stajjjjjjj\\laravel-school-management-system\\database\\migrations\\2014_10_12_000000_create_users_table.php(25): Illuminate\\Support\\Facades\\Facade::__callStatic('create', Array)
#9 C:\\Users\\arifh\\Desktop\\stajjjjjjj\\laravel-school-management-system\\vendor\\laravel\\framework\\src\\Illuminate\\Database\\Migrations\\Migrator.php(392): CreateUsersTable->up()
#10 C:\\Users\\arifh\\Desktop\\stajjjjjjj\\laravel-school-management-system\\vendor\\laravel\\framework\\src\\Illuminate\\Database\\Migrations\\Migrator.php(401): Illuminate\\Database\\Migrations\\Migrator->Illuminate\\Database\\Migrations\\{closure}()
#11 C:\\Users\\arifh\\Desktop\\stajjjjjjj\\laravel-school-management-system\\vendor\\laravel\\framework\\src\\Illuminate\\Database\\Migrations\\Migrator.php(200): Illuminate\\Database\\Migrations\\Migrator->runMigration(Object(CreateUsersTable), 'up')
#12 C:\\Users\\arifh\\Desktop\\stajjjjjjj\\laravel-school-management-system\\vendor\\laravel\\framework\\src\\Illuminate\\Database\\Migrations\\Migrator.php(165): Illuminate\\Database\\Migrations\\Migrator->runUp('C:\\\\Users\\\\arifh\\\\...', 1, false)
#13 C:\\Users\\arifh\\Desktop\\stajjjjjjj\\laravel-school-management-system\\vendor\\laravel\\framework\\src\\Illuminate\\Database\\Migrations\\Migrator.php(110): Illuminate\\Database\\Migrations\\Migrator->runPending(Array, Array)
#14 C:\\Users\\arifh\\Desktop\\stajjjjjjj\\laravel-school-management-system\\vendor\\laravel\\framework\\src\\Illuminate\\Database\\Console\\Migrations\\MigrateCommand.php(72): Illuminate\\Database\\Migrations\\Migrator->run(Array, Array)
#15 C:\\Users\\arifh\\Desktop\\stajjjjjjj\\laravel-school-management-system\\vendor\\laravel\\framework\\src\\Illuminate\\Database\\Migrations\\Migrator.php(541): Illuminate\\Database\\Console\\Migrations\\MigrateCommand->Illuminate\\Database\\Console\\Migrations\\{closure}()
#16 C:\\Users\\arifh\\Desktop\\stajjjjjjj\\laravel-school-management-system\\vendor\\laravel\\framework\\src\\Illuminate\\Database\\Console\\Migrations\\MigrateCommand.php(81): Illuminate\\Database\\Migrations\\Migrator->usingConnection(NULL, Object(Closure))
#17 [internal function]: Illuminate\\Database\\Console\\Migrations\\MigrateCommand->handle()
#18 C:\\Users\\arifh\\Desktop\\stajjjjjjj\\laravel-school-management-system\\vendor\\laravel\\framework\\src\\Illuminate\\Container\\BoundMethod.php(37): call_user_func_array(Array, Array)
#19 C:\\Users\\arifh\\Desktop\\stajjjjjjj\\laravel-school-management-system\\vendor\\laravel\\framework\\src\\Illuminate\\Container\\Util.php(37): Illuminate\\Container\\BoundMethod::Illuminate\\Container\\{closure}()
#20 C:\\Users\\arifh\\Desktop\\stajjjjjjj\\laravel-school-management-system\\vendor\\laravel\\framework\\src\\Illuminate\\Container\\BoundMethod.php(95): Illuminate\\Container\\Util::unwrapIfClosure(Object(Closure))
#21 C:\\Users\\arifh\\Desktop\\stajjjjjjj\\laravel-school-management-system\\vendor\\laravel\\framework\\src\\Illuminate\\Container\\BoundMethod.php(39): Illuminate\\Container\\BoundMethod::callBoundMethod(Object(Illuminate\\Foundation\\Application), Array, Object(Closure))
#22 C:\\Users\\arifh\\Desktop\\stajjjjjjj\\laravel-school-management-system\\vendor\\laravel\\framework\\src\\Illuminate\\Container\\Container.php(596): Illuminate\\Container\\BoundMethod::call(Object(Illuminate\\Foundation\\Application), Array, Array, NULL)
#23 C:\\Users\\arifh\\Desktop\\stajjjjjjj\\laravel-school-management-system\\vendor\\laravel\\framework\\src\\Illuminate\\Console\\Command.php(134): Illuminate\\Container\\Container->call(Array)
#24 C:\\Users\\arifh\\Desktop\\stajjjjjjj\\laravel-school-management-system\\vendor\\symfony\\console\\Command\\Command.php(258): Illuminate\\Console\\Command->execute(Object(Symfony\\Component\\Console\\Input\\ArgvInput), Object(Illuminate\\Console\\OutputStyle))
#25 C:\\Users\\arifh\\Desktop\\stajjjjjjj\\laravel-school-management-system\\vendor\\laravel\\framework\\src\\Illuminate\\Console\\Command.php(121): Symfony\\Component\\Console\\Command\\Command->run(Object(Symfony\\Component\\Console\\Input\\ArgvInput), Object(Illuminate\\Console\\OutputStyle))
#26 C:\\Users\\arifh\\Desktop\\stajjjjjjj\\laravel-school-management-system\\vendor\\symfony\\console\\Application.php(916): Illuminate\\Console\\Command->run(Object(Symfony\\Component\\Console\\Input\\ArgvInput), Object(Symfony\\Component\\Console\\Output\\ConsoleOutput))
#27 C:\\Users\\arifh\\Desktop\\stajjjjjjj\\laravel-school-management-system\\vendor\\symfony\\console\\Application.php(264): Symfony\\Component\\Console\\Application->doRunCommand(Object(Illuminate\\Database\\Console\\Migrations\\MigrateCommand), Object(Symfony\\Component\\Console\\Input\\ArgvInput), Object(Symfony\\Component\\Console\\Output\\ConsoleOutput))
#28 C:\\Users\\arifh\\Desktop\\stajjjjjjj\\laravel-school-management-system\\vendor\\symfony\\console\\Application.php(140): Symfony\\Component\\Console\\Application->doRun(Object(Symfony\\Component\\Console\\Input\\ArgvInput), Object(Symfony\\Component\\Console\\Output\\ConsoleOutput))
#29 C:\\Users\\arifh\\Desktop\\stajjjjjjj\\laravel-school-management-system\\vendor\\laravel\\framework\\src\\Illuminate\\Console\\Application.php(93): Symfony\\Component\\Console\\Application->run(Object(Symfony\\Component\\Console\\Input\\ArgvInput), Object(Symfony\\Component\\Console\\Output\\ConsoleOutput))
#30 C:\\Users\\arifh\\Desktop\\stajjjjjjj\\laravel-school-management-system\\vendor\\laravel\\framework\\src\\Illuminate\\Foundation\\Console\\Kernel.php(129): Illuminate\\Console\\Application->run(Object(Symfony\\Component\\Console\\Input\\ArgvInput), Object(Symfony\\Component\\Console\\Output\\ConsoleOutput))
#31 C:\\Users\\arifh\\Desktop\\stajjjjjjj\\laravel-school-management-system\\artisan(37): Illuminate\\Foundation\\Console\\Kernel->handle(Object(Symfony\\Component\\Console\\Input\\ArgvInput), Object(Symfony\\Component\\Console\\Output\\ConsoleOutput))
#32 {main}
"} 
[2023-08-02 17:36:43] local.ERROR: SQLSTATE[42S02]: Base table or view not found: 1146 Table 'staj_db2.roles' doesn't exist (SQL: select * from `roles` where `name` = Admin and `guard_name` = web limit 1) {"exception":"[object] (Illuminate\\Database\\QueryException(code: 42S02): SQLSTATE[42S02]: Base table or view not found: 1146 Table 'staj_db2.roles' doesn't exist (SQL: select * from `roles` where `name` = Admin and `guard_name` = web limit 1) at C:\\Users\\arifh\\Desktop\\stajjjjjjj\\laravel-school-management-system\\vendor\\laravel\\framework\\src\\Illuminate\\Database\\Connection.php:671)
[stacktrace]
#0 C:\\Users\\arifh\\Desktop\\stajjjjjjj\\laravel-school-management-system\\vendor\\laravel\\framework\\src\\Illuminate\\Database\\Connection.php(631): Illuminate\\Database\\Connection->runQueryCallback('select * from `...', Array, Object(Closure))
#1 C:\\Users\\arifh\\Desktop\\stajjjjjjj\\laravel-school-management-system\\vendor\\laravel\\framework\\src\\Illuminate\\Database\\Connection.php(339): Illuminate\\Database\\Connection->run('select * from `...', Array, Object(Closure))
#2 C:\\Users\\arifh\\Desktop\\stajjjjjjj\\laravel-school-management-system\\vendor\\laravel\\framework\\src\\Illuminate\\Database\\Query\\Builder.php(2260): Illuminate\\Database\\Connection->select('select * from `...', Array, true)
#3 C:\\Users\\arifh\\Desktop\\stajjjjjjj\\laravel-school-management-system\\vendor\\laravel\\framework\\src\\Illuminate\\Database\\Query\\Builder.php(2248): Illuminate\\Database\\Query\\Builder->runSelect()
#4 C:\\Users\\arifh\\Desktop\\stajjjjjjj\\laravel-school-management-system\\vendor\\laravel\\framework\\src\\Illuminate\\Database\\Query\\Builder.php(2743): Illuminate\\Database\\Query\\Builder->Illuminate\\Database\\Query\\{closure}()
#5 C:\\Users\\arifh\\Desktop\\stajjjjjjj\\laravel-school-management-system\\vendor\\laravel\\framework\\src\\Illuminate\\Database\\Query\\Builder.php(2249): Illuminate\\Database\\Query\\Builder->onceWithColumns(Array, Object(Closure))
#6 C:\\Users\\arifh\\Desktop\\stajjjjjjj\\laravel-school-management-system\\vendor\\laravel\\framework\\src\\Illuminate\\Database\\Eloquent\\Builder.php(547): Illuminate\\Database\\Query\\Builder->get(Array)
#7 C:\\Users\\arifh\\Desktop\\stajjjjjjj\\laravel-school-management-system\\vendor\\laravel\\framework\\src\\Illuminate\\Database\\Eloquent\\Builder.php(531): Illuminate\\Database\\Eloquent\\Builder->getModels(Array)
#8 C:\\Users\\arifh\\Desktop\\stajjjjjjj\\laravel-school-management-system\\vendor\\laravel\\framework\\src\\Illuminate\\Database\\Concerns\\BuildsQueries.php(143): Illuminate\\Database\\Eloquent\\Builder->get(Array)
#9 C:\\Users\\arifh\\Desktop\\stajjjjjjj\\laravel-school-management-system\\vendor\\spatie\\laravel-permission\\src\\Models\\Role.php(38): Illuminate\\Database\\Eloquent\\Builder->first()
#10 C:\\Users\\arifh\\Desktop\\stajjjjjjj\\laravel-school-management-system\\database\\seeds\\RolesAndPermissionsSeeder.php(22): Spatie\\Permission\\Models\\Role::create(Array)
#11 [internal function]: RolesAndPermissionsSeeder->run()
#12 C:\\Users\\arifh\\Desktop\\stajjjjjjj\\laravel-school-management-system\\vendor\\laravel\\framework\\src\\Illuminate\\Container\\BoundMethod.php(37): call_user_func_array(Array, Array)
#13 C:\\Users\\arifh\\Desktop\\stajjjjjjj\\laravel-school-management-system\\vendor\\laravel\\framework\\src\\Illuminate\\Container\\Util.php(37): Illuminate\\Container\\BoundMethod::Illuminate\\Container\\{closure}()
#14 C:\\Users\\arifh\\Desktop\\stajjjjjjj\\laravel-school-management-system\\vendor\\laravel\\framework\\src\\Illuminate\\Container\\BoundMethod.php(95): Illuminate\\Container\\Util::unwrapIfClosure(Object(Closure))
#15 C:\\Users\\arifh\\Desktop\\stajjjjjjj\\laravel-school-management-system\\vendor\\laravel\\framework\\src\\Illuminate\\Container\\BoundMethod.php(39): Illuminate\\Container\\BoundMethod::callBoundMethod(Object(Illuminate\\Foundation\\Application), Array, Object(Closure))
#16 C:\\Users\\arifh\\Desktop\\stajjjjjjj\\laravel-school-management-system\\vendor\\laravel\\framework\\src\\Illuminate\\Container\\Container.php(596): Illuminate\\Container\\BoundMethod::call(Object(Illuminate\\Foundation\\Application), Array, Array, NULL)
#17 C:\\Users\\arifh\\Desktop\\stajjjjjjj\\laravel-school-management-system\\vendor\\laravel\\framework\\src\\Illuminate\\Database\\Seeder.php(134): Illuminate\\Container\\Container->call(Array)
#18 C:\\Users\\arifh\\Desktop\\stajjjjjjj\\laravel-school-management-system\\vendor\\laravel\\framework\\src\\Illuminate\\Database\\Seeder.php(48): Illuminate\\Database\\Seeder->__invoke()
#19 C:\\Users\\arifh\\Desktop\\stajjjjjjj\\laravel-school-management-system\\database\\seeds\\DatabaseSeeder.php(18): Illuminate\\Database\\Seeder->call('RolesAndPermiss...')
#20 [internal function]: DatabaseSeeder->run()
#21 C:\\Users\\arifh\\Desktop\\stajjjjjjj\\laravel-school-management-system\\vendor\\laravel\\framework\\src\\Illuminate\\Container\\BoundMethod.php(37): call_user_func_array(Array, Array)
#22 C:\\Users\\arifh\\Desktop\\stajjjjjjj\\laravel-school-management-system\\vendor\\laravel\\framework\\src\\Illuminate\\Container\\Util.php(37): Illuminate\\Container\\BoundMethod::Illuminate\\Container\\{closure}()
#23 C:\\Users\\arifh\\Desktop\\stajjjjjjj\\laravel-school-management-system\\vendor\\laravel\\framework\\src\\Illuminate\\Container\\BoundMethod.php(95): Illuminate\\Container\\Util::unwrapIfClosure(Object(Closure))
#24 C:\\Users\\arifh\\Desktop\\stajjjjjjj\\laravel-school-management-system\\vendor\\laravel\\framework\\src\\Illuminate\\Container\\BoundMethod.php(39): Illuminate\\Container\\BoundMethod::callBoundMethod(Object(Illuminate\\Foundation\\Application), Array, Object(Closure))
#25 C:\\Users\\arifh\\Desktop\\stajjjjjjj\\laravel-school-management-system\\vendor\\laravel\\framework\\src\\Illuminate\\Container\\Container.php(596): Illuminate\\Container\\BoundMethod::call(Object(Illuminate\\Foundation\\Application), Array, Array, NULL)
#26 C:\\Users\\arifh\\Desktop\\stajjjjjjj\\laravel-school-management-system\\vendor\\laravel\\framework\\src\\Illuminate\\Database\\Seeder.php(134): Illuminate\\Container\\Container->call(Array)
#27 C:\\Users\\arifh\\Desktop\\stajjjjjjj\\laravel-school-management-system\\vendor\\laravel\\framework\\src\\Illuminate\\Database\\Console\\Seeds\\SeedCommand.php(65): Illuminate\\Database\\Seeder->__invoke()
#28 C:\\Users\\arifh\\Desktop\\stajjjjjjj\\laravel-school-management-system\\vendor\\laravel\\framework\\src\\Illuminate\\Database\\Eloquent\\Concerns\\GuardsAttributes.php(155): Illuminate\\Database\\Console\\Seeds\\SeedCommand->Illuminate\\Database\\Console\\Seeds\\{closure}()
#29 C:\\Users\\arifh\\Desktop\\stajjjjjjj\\laravel-school-management-system\\vendor\\laravel\\framework\\src\\Illuminate\\Database\\Console\\Seeds\\SeedCommand.php(66): Illuminate\\Database\\Eloquent\\Model::unguarded(Object(Closure))
#30 [internal function]: Illuminate\\Database\\Console\\Seeds\\SeedCommand->handle()
#31 C:\\Users\\arifh\\Desktop\\stajjjjjjj\\laravel-school-management-system\\vendor\\laravel\\framework\\src\\Illuminate\\Container\\BoundMethod.php(37): call_user_func_array(Array, Array)
#32 C:\\Users\\arifh\\Desktop\\stajjjjjjj\\laravel-school-management-system\\vendor\\laravel\\framework\\src\\Illuminate\\Container\\Util.php(37): Illuminate\\Container\\BoundMethod::Illuminate\\Container\\{closure}()
#33 C:\\Users\\arifh\\Desktop\\stajjjjjjj\\laravel-school-management-system\\vendor\\laravel\\framework\\src\\Illuminate\\Container\\BoundMethod.php(95): Illuminate\\Container\\Util::unwrapIfClosure(Object(Closure))
#34 C:\\Users\\arifh\\Desktop\\stajjjjjjj\\laravel-school-management-system\\vendor\\laravel\\framework\\src\\Illuminate\\Container\\BoundMethod.php(39): Illuminate\\Container\\BoundMethod::callBoundMethod(Object(Illuminate\\Foundation\\Application), Array, Object(Closure))
#35 C:\\Users\\arifh\\Desktop\\stajjjjjjj\\laravel-school-management-system\\vendor\\laravel\\framework\\src\\Illuminate\\Container\\Container.php(596): Illuminate\\Container\\BoundMethod::call(Object(Illuminate\\Foundation\\Application), Array, Array, NULL)
#36 C:\\Users\\arifh\\Desktop\\stajjjjjjj\\laravel-school-management-system\\vendor\\laravel\\framework\\src\\Illuminate\\Console\\Command.php(134): Illuminate\\Container\\Container->call(Array)
#37 C:\\Users\\arifh\\Desktop\\stajjjjjjj\\laravel-school-management-system\\vendor\\symfony\\console\\Command\\Command.php(258): Illuminate\\Console\\Command->execute(Object(Symfony\\Component\\Console\\Input\\ArgvInput), Object(Illuminate\\Console\\OutputStyle))
#38 C:\\Users\\arifh\\Desktop\\stajjjjjjj\\laravel-school-management-system\\vendor\\laravel\\framework\\src\\Illuminate\\Console\\Command.php(121): Symfony\\Component\\Console\\Command\\Command->run(Object(Symfony\\Component\\Console\\Input\\ArgvInput), Object(Illuminate\\Console\\OutputStyle))
#39 C:\\Users\\arifh\\Desktop\\stajjjjjjj\\laravel-school-management-system\\vendor\\symfony\\console\\Application.php(916): Illuminate\\Console\\Command->run(Object(Symfony\\Component\\Console\\Input\\ArgvInput), Object(Symfony\\Component\\Console\\Output\\ConsoleOutput))
#40 C:\\Users\\arifh\\Desktop\\stajjjjjjj\\laravel-school-management-system\\vendor\\symfony\\console\\Application.php(264): Symfony\\Component\\Console\\Application->doRunCommand(Object(Illuminate\\Database\\Console\\Seeds\\SeedCommand), Object(Symfony\\Component\\Console\\Input\\ArgvInput), Object(Symfony\\Component\\Console\\Output\\ConsoleOutput))
#41 C:\\Users\\arifh\\Desktop\\stajjjjjjj\\laravel-school-management-system\\vendor\\symfony\\console\\Application.php(140): Symfony\\Component\\Console\\Application->doRun(Object(Symfony\\Component\\Console\\Input\\ArgvInput), Object(Symfony\\Component\\Console\\Output\\ConsoleOutput))
#42 C:\\Users\\arifh\\Desktop\\stajjjjjjj\\laravel-school-management-system\\vendor\\laravel\\framework\\src\\Illuminate\\Console\\Application.php(93): Symfony\\Component\\Console\\Application->run(Object(Symfony\\Component\\Console\\Input\\ArgvInput), Object(Symfony\\Component\\Console\\Output\\ConsoleOutput))
#43 C:\\Users\\arifh\\Desktop\\stajjjjjjj\\laravel-school-management-system\\vendor\\laravel\\framework\\src\\Illuminate\\Foundation\\Console\\Kernel.php(129): Illuminate\\Console\\Application->run(Object(Symfony\\Component\\Console\\Input\\ArgvInput), Object(Symfony\\Component\\Console\\Output\\ConsoleOutput))
#44 C:\\Users\\arifh\\Desktop\\stajjjjjjj\\laravel-school-management-system\\artisan(37): Illuminate\\Foundation\\Console\\Kernel->handle(Object(Symfony\\Component\\Console\\Input\\ArgvInput), Object(Symfony\\Component\\Console\\Output\\ConsoleOutput))
#45 {main}

[previous exception] [object] (PDOException(code: 42S02): SQLSTATE[42S02]: Base table or view not found: 1146 Table 'staj_db2.roles' doesn't exist at C:\\Users\\arifh\\Desktop\\stajjjjjjj\\laravel-school-management-system\\vendor\\laravel\\framework\\src\\Illuminate\\Database\\Connection.php:331)
[stacktrace]
#0 C:\\Users\\arifh\\Desktop\\stajjjjjjj\\laravel-school-management-system\\vendor\\laravel\\framework\\src\\Illuminate\\Database\\Connection.php(331): PDO->prepare('select * from `...')
#1 C:\\Users\\arifh\\Desktop\\stajjjjjjj\\laravel-school-management-system\\vendor\\laravel\\framework\\src\\Illuminate\\Database\\Connection.php(664): Illuminate\\Database\\Connection->Illuminate\\Database\\{closure}('select * from `...', Array)
#2 C:\\Users\\arifh\\Desktop\\stajjjjjjj\\laravel-school-management-system\\vendor\\laravel\\framework\\src\\Illuminate\\Database\\Connection.php(631): Illuminate\\Database\\Connection->runQueryCallback('select * from `...', Array, Object(Closure))
#3 C:\\Users\\arifh\\Desktop\\stajjjjjjj\\laravel-school-management-system\\vendor\\laravel\\framework\\src\\Illuminate\\Database\\Connection.php(339): Illuminate\\Database\\Connection->run('select * from `...', Array, Object(Closure))
#4 C:\\Users\\arifh\\Desktop\\stajjjjjjj\\laravel-school-management-system\\vendor\\laravel\\framework\\src\\Illuminate\\Database\\Query\\Builder.php(2260): Illuminate\\Database\\Connection->select('select * from `...', Array, true)
#5 C:\\Users\\arifh\\Desktop\\stajjjjjjj\\laravel-school-management-system\\vendor\\laravel\\framework\\src\\Illuminate\\Database\\Query\\Builder.php(2248): Illuminate\\Database\\Query\\Builder->runSelect()
#6 C:\\Users\\arifh\\Desktop\\stajjjjjjj\\laravel-school-management-system\\vendor\\laravel\\framework\\src\\Illuminate\\Database\\Query\\Builder.php(2743): Illuminate\\Database\\Query\\Builder->Illuminate\\Database\\Query\\{closure}()
#7 C:\\Users\\arifh\\Desktop\\stajjjjjjj\\laravel-school-management-system\\vendor\\laravel\\framework\\src\\Illuminate\\Database\\Query\\Builder.php(2249): Illuminate\\Database\\Query\\Builder->onceWithColumns(Array, Object(Closure))
#8 C:\\Users\\arifh\\Desktop\\stajjjjjjj\\laravel-school-management-system\\vendor\\laravel\\framework\\src\\Illuminate\\Database\\Eloquent\\Builder.php(547): Illuminate\\Database\\Query\\Builder->get(Array)
#9 C:\\Users\\arifh\\Desktop\\stajjjjjjj\\laravel-school-management-system\\vendor\\laravel\\framework\\src\\Illuminate\\Database\\Eloquent\\Builder.php(531): Illuminate\\Database\\Eloquent\\Builder->getModels(Array)
#10 C:\\Users\\arifh\\Desktop\\stajjjjjjj\\laravel-school-management-system\\vendor\\laravel\\framework\\src\\Illuminate\\Database\\Concerns\\BuildsQueries.php(143): Illuminate\\Database\\Eloquent\\Builder->get(Array)
#11 C:\\Users\\arifh\\Desktop\\stajjjjjjj\\laravel-school-management-system\\vendor\\spatie\\laravel-permission\\src\\Models\\Role.php(38): Illuminate\\Database\\Eloquent\\Builder->first()
#12 C:\\Users\\arifh\\Desktop\\stajjjjjjj\\laravel-school-management-system\\database\\seeds\\RolesAndPermissionsSeeder.php(22): Spatie\\Permission\\Models\\Role::create(Array)
#13 [internal function]: RolesAndPermissionsSeeder->run()
#14 C:\\Users\\arifh\\Desktop\\stajjjjjjj\\laravel-school-management-system\\vendor\\laravel\\framework\\src\\Illuminate\\Container\\BoundMethod.php(37): call_user_func_array(Array, Array)
#15 C:\\Users\\arifh\\Desktop\\stajjjjjjj\\laravel-school-management-system\\vendor\\laravel\\framework\\src\\Illuminate\\Container\\Util.php(37): Illuminate\\Container\\BoundMethod::Illuminate\\Container\\{closure}()
#16 C:\\Users\\arifh\\Desktop\\stajjjjjjj\\laravel-school-management-system\\vendor\\laravel\\framework\\src\\Illuminate\\Container\\BoundMethod.php(95): Illuminate\\Container\\Util::unwrapIfClosure(Object(Closure))
#17 C:\\Users\\arifh\\Desktop\\stajjjjjjj\\laravel-school-management-system\\vendor\\laravel\\framework\\src\\Illuminate\\Container\\BoundMethod.php(39): Illuminate\\Container\\BoundMethod::callBoundMethod(Object(Illuminate\\Foundation\\Application), Array, Object(Closure))
#18 C:\\Users\\arifh\\Desktop\\stajjjjjjj\\laravel-school-management-system\\vendor\\laravel\\framework\\src\\Illuminate\\Container\\Container.php(596): Illuminate\\Container\\BoundMethod::call(Object(Illuminate\\Foundation\\Application), Array, Array, NULL)
#19 C:\\Users\\arifh\\Desktop\\stajjjjjjj\\laravel-school-management-system\\vendor\\laravel\\framework\\src\\Illuminate\\Database\\Seeder.php(134): Illuminate\\Container\\Container->call(Array)
#20 C:\\Users\\arifh\\Desktop\\stajjjjjjj\\laravel-school-management-system\\vendor\\laravel\\framework\\src\\Illuminate\\Database\\Seeder.php(48): Illuminate\\Database\\Seeder->__invoke()
#21 C:\\Users\\arifh\\Desktop\\stajjjjjjj\\laravel-school-management-system\\database\\seeds\\DatabaseSeeder.php(18): Illuminate\\Database\\Seeder->call('RolesAndPermiss...')
#22 [internal function]: DatabaseSeeder->run()
#23 C:\\Users\\arifh\\Desktop\\stajjjjjjj\\laravel-school-management-system\\vendor\\laravel\\framework\\src\\Illuminate\\Container\\BoundMethod.php(37): call_user_func_array(Array, Array)
#24 C:\\Users\\arifh\\Desktop\\stajjjjjjj\\laravel-school-management-system\\vendor\\laravel\\framework\\src\\Illuminate\\Container\\Util.php(37): Illuminate\\Container\\BoundMethod::Illuminate\\Container\\{closure}()
#25 C:\\Users\\arifh\\Desktop\\stajjjjjjj\\laravel-school-management-system\\vendor\\laravel\\framework\\src\\Illuminate\\Container\\BoundMethod.php(95): Illuminate\\Container\\Util::unwrapIfClosure(Object(Closure))
#26 C:\\Users\\arifh\\Desktop\\stajjjjjjj\\laravel-school-management-system\\vendor\\laravel\\framework\\src\\Illuminate\\Container\\BoundMethod.php(39): Illuminate\\Container\\BoundMethod::callBoundMethod(Object(Illuminate\\Foundation\\Application), Array, Object(Closure))
#27 C:\\Users\\arifh\\Desktop\\stajjjjjjj\\laravel-school-management-system\\vendor\\laravel\\framework\\src\\Illuminate\\Container\\Container.php(596): Illuminate\\Container\\BoundMethod::call(Object(Illuminate\\Foundation\\Application), Array, Array, NULL)
#28 C:\\Users\\arifh\\Desktop\\stajjjjjjj\\laravel-school-management-system\\vendor\\laravel\\framework\\src\\Illuminate\\Database\\Seeder.php(134): Illuminate\\Container\\Container->call(Array)
#29 C:\\Users\\arifh\\Desktop\\stajjjjjjj\\laravel-school-management-system\\vendor\\laravel\\framework\\src\\Illuminate\\Database\\Console\\Seeds\\SeedCommand.php(65): Illuminate\\Database\\Seeder->__invoke()
#30 C:\\Users\\arifh\\Desktop\\stajjjjjjj\\laravel-school-management-system\\vendor\\laravel\\framework\\src\\Illuminate\\Database\\Eloquent\\Concerns\\GuardsAttributes.php(155): Illuminate\\Database\\Console\\Seeds\\SeedCommand->Illuminate\\Database\\Console\\Seeds\\{closure}()
#31 C:\\Users\\arifh\\Desktop\\stajjjjjjj\\laravel-school-management-system\\vendor\\laravel\\framework\\src\\Illuminate\\Database\\Console\\Seeds\\SeedCommand.php(66): Illuminate\\Database\\Eloquent\\Model::unguarded(Object(Closure))
#32 [internal function]: Illuminate\\Database\\Console\\Seeds\\SeedCommand->handle()
#33 C:\\Users\\arifh\\Desktop\\stajjjjjjj\\laravel-school-management-system\\vendor\\laravel\\framework\\src\\Illuminate\\Container\\BoundMethod.php(37): call_user_func_array(Array, Array)
#34 C:\\Users\\arifh\\Desktop\\stajjjjjjj\\laravel-school-management-system\\vendor\\laravel\\framework\\src\\Illuminate\\Container\\Util.php(37): Illuminate\\Container\\BoundMethod::Illuminate\\Container\\{closure}()
#35 C:\\Users\\arifh\\Desktop\\stajjjjjjj\\laravel-school-management-system\\vendor\\laravel\\framework\\src\\Illuminate\\Container\\BoundMethod.php(95): Illuminate\\Container\\Util::unwrapIfClosure(Object(Closure))
#36 C:\\Users\\arifh\\Desktop\\stajjjjjjj\\laravel-school-management-system\\vendor\\laravel\\framework\\src\\Illuminate\\Container\\BoundMethod.php(39): Illuminate\\Container\\BoundMethod::callBoundMethod(Object(Illuminate\\Foundation\\Application), Array, Object(Closure))
#37 C:\\Users\\arifh\\Desktop\\stajjjjjjj\\laravel-school-management-system\\vendor\\laravel\\framework\\src\\Illuminate\\Container\\Container.php(596): Illuminate\\Container\\BoundMethod::call(Object(Illuminate\\Foundation\\Application), Array, Array, NULL)
#38 C:\\Users\\arifh\\Desktop\\stajjjjjjj\\laravel-school-management-system\\vendor\\laravel\\framework\\src\\Illuminate\\Console\\Command.php(134): Illuminate\\Container\\Container->call(Array)
#39 C:\\Users\\arifh\\Desktop\\stajjjjjjj\\laravel-school-management-system\\vendor\\symfony\\console\\Command\\Command.php(258): Illuminate\\Console\\Command->execute(Object(Symfony\\Component\\Console\\Input\\ArgvInput), Object(Illuminate\\Console\\OutputStyle))
#40 C:\\Users\\arifh\\Desktop\\stajjjjjjj\\laravel-school-management-system\\vendor\\laravel\\framework\\src\\Illuminate\\Console\\Command.php(121): Symfony\\Component\\Console\\Command\\Command->run(Object(Symfony\\Component\\Console\\Input\\ArgvInput), Object(Illuminate\\Console\\OutputStyle))
#41 C:\\Users\\arifh\\Desktop\\stajjjjjjj\\laravel-school-management-system\\vendor\\symfony\\console\\Application.php(916): Illuminate\\Console\\Command->run(Object(Symfony\\Component\\Console\\Input\\ArgvInput), Object(Symfony\\Component\\Console\\Output\\ConsoleOutput))
#42 C:\\Users\\arifh\\Desktop\\stajjjjjjj\\laravel-school-management-system\\vendor\\symfony\\console\\Application.php(264): Symfony\\Component\\Console\\Application->doRunCommand(Object(Illuminate\\Database\\Console\\Seeds\\SeedCommand), Object(Symfony\\Component\\Console\\Input\\ArgvInput), Object(Symfony\\Component\\Console\\Output\\ConsoleOutput))
#43 C:\\Users\\arifh\\Desktop\\stajjjjjjj\\laravel-school-management-system\\vendor\\symfony\\console\\Application.php(140): Symfony\\Component\\Console\\Application->doRun(Object(Symfony\\Component\\Console\\Input\\ArgvInput), Object(Symfony\\Component\\Console\\Output\\ConsoleOutput))
#44 C:\\Users\\arifh\\Desktop\\stajjjjjjj\\laravel-school-management-system\\vendor\\laravel\\framework\\src\\Illuminate\\Console\\Application.php(93): Symfony\\Component\\Console\\Application->run(Object(Symfony\\Component\\Console\\Input\\ArgvInput), Object(Symfony\\Component\\Console\\Output\\ConsoleOutput))
#45 C:\\Users\\arifh\\Desktop\\stajjjjjjj\\laravel-school-management-system\\vendor\\laravel\\framework\\src\\Illuminate\\Foundation\\Console\\Kernel.php(129): Illuminate\\Console\\Application->run(Object(Symfony\\Component\\Console\\Input\\ArgvInput), Object(Symfony\\Component\\Console\\Output\\ConsoleOutput))
#46 C:\\Users\\arifh\\Desktop\\stajjjjjjj\\laravel-school-management-system\\artisan(37): Illuminate\\Foundation\\Console\\Kernel->handle(Object(Symfony\\Component\\Console\\Input\\ArgvInput), Object(Symfony\\Component\\Console\\Output\\ConsoleOutput))
#47 {main}
"} 
[2023-08-02 17:36:48] local.ERROR: SQLSTATE[42000]: Syntax error or access violation: 1071 Specified key was too long; max key length is 767 bytes (SQL: alter table `users` add unique `users_email_unique`(`email`)) {"exception":"[object] (Illuminate\\Database\\QueryException(code: 42000): SQLSTATE[42000]: Syntax error or access violation: 1071 Specified key was too long; max key length is 767 bytes (SQL: alter table `users` add unique `users_email_unique`(`email`)) at C:\\Users\\arifh\\Desktop\\stajjjjjjj\\laravel-school-management-system\\vendor\\laravel\\framework\\src\\Illuminate\\Database\\Connection.php:671)
[stacktrace]
#0 C:\\Users\\arifh\\Desktop\\stajjjjjjj\\laravel-school-management-system\\vendor\\laravel\\framework\\src\\Illuminate\\Database\\Connection.php(631): Illuminate\\Database\\Connection->runQueryCallback('alter table `us...', Array, Object(Closure))
#1 C:\\Users\\arifh\\Desktop\\stajjjjjjj\\laravel-school-management-system\\vendor\\laravel\\framework\\src\\Illuminate\\Database\\Connection.php(465): Illuminate\\Database\\Connection->run('alter table `us...', Array, Object(Closure))
#2 C:\\Users\\arifh\\Desktop\\stajjjjjjj\\laravel-school-management-system\\vendor\\laravel\\framework\\src\\Illuminate\\Database\\Schema\\Blueprint.php(102): Illuminate\\Database\\Connection->statement('alter table `us...')
#3 C:\\Users\\arifh\\Desktop\\stajjjjjjj\\laravel-school-management-system\\vendor\\laravel\\framework\\src\\Illuminate\\Database\\Schema\\Builder.php(290): Illuminate\\Database\\Schema\\Blueprint->build(Object(Illuminate\\Database\\MySqlConnection), Object(Illuminate\\Database\\Schema\\Grammars\\MySqlGrammar))
#4 C:\\Users\\arifh\\Desktop\\stajjjjjjj\\laravel-school-management-system\\vendor\\laravel\\framework\\src\\Illuminate\\Database\\Schema\\Builder.php(167): Illuminate\\Database\\Schema\\Builder->build(Object(Illuminate\\Database\\Schema\\Blueprint))
#5 C:\\Users\\arifh\\Desktop\\stajjjjjjj\\laravel-school-management-system\\vendor\\laravel\\framework\\src\\Illuminate\\Support\\Facades\\Facade.php(261): Illuminate\\Database\\Schema\\Builder->create('users', Object(Closure))
#6 C:\\Users\\arifh\\Desktop\\stajjjjjjj\\laravel-school-management-system\\database\\migrations\\2014_10_12_000000_create_users_table.php(25): Illuminate\\Support\\Facades\\Facade::__callStatic('create', Array)
#7 C:\\Users\\arifh\\Desktop\\stajjjjjjj\\laravel-school-management-system\\vendor\\laravel\\framework\\src\\Illuminate\\Database\\Migrations\\Migrator.php(392): CreateUsersTable->up()
#8 C:\\Users\\arifh\\Desktop\\stajjjjjjj\\laravel-school-management-system\\vendor\\laravel\\framework\\src\\Illuminate\\Database\\Migrations\\Migrator.php(401): Illuminate\\Database\\Migrations\\Migrator->Illuminate\\Database\\Migrations\\{closure}()
#9 C:\\Users\\arifh\\Desktop\\stajjjjjjj\\laravel-school-management-system\\vendor\\laravel\\framework\\src\\Illuminate\\Database\\Migrations\\Migrator.php(200): Illuminate\\Database\\Migrations\\Migrator->runMigration(Object(CreateUsersTable), 'up')
#10 C:\\Users\\arifh\\Desktop\\stajjjjjjj\\laravel-school-management-system\\vendor\\laravel\\framework\\src\\Illuminate\\Database\\Migrations\\Migrator.php(165): Illuminate\\Database\\Migrations\\Migrator->runUp('C:\\\\Users\\\\arifh\\\\...', 1, false)
#11 C:\\Users\\arifh\\Desktop\\stajjjjjjj\\laravel-school-management-system\\vendor\\laravel\\framework\\src\\Illuminate\\Database\\Migrations\\Migrator.php(110): Illuminate\\Database\\Migrations\\Migrator->runPending(Array, Array)
#12 C:\\Users\\arifh\\Desktop\\stajjjjjjj\\laravel-school-management-system\\vendor\\laravel\\framework\\src\\Illuminate\\Database\\Console\\Migrations\\MigrateCommand.php(72): Illuminate\\Database\\Migrations\\Migrator->run(Array, Array)
#13 C:\\Users\\arifh\\Desktop\\stajjjjjjj\\laravel-school-management-system\\vendor\\laravel\\framework\\src\\Illuminate\\Database\\Migrations\\Migrator.php(541): Illuminate\\Database\\Console\\Migrations\\MigrateCommand->Illuminate\\Database\\Console\\Migrations\\{closure}()
#14 C:\\Users\\arifh\\Desktop\\stajjjjjjj\\laravel-school-management-system\\vendor\\laravel\\framework\\src\\Illuminate\\Database\\Console\\Migrations\\MigrateCommand.php(81): Illuminate\\Database\\Migrations\\Migrator->usingConnection(NULL, Object(Closure))
#15 [internal function]: Illuminate\\Database\\Console\\Migrations\\MigrateCommand->handle()
#16 C:\\Users\\arifh\\Desktop\\stajjjjjjj\\laravel-school-management-system\\vendor\\laravel\\framework\\src\\Illuminate\\Container\\BoundMethod.php(37): call_user_func_array(Array, Array)
#17 C:\\Users\\arifh\\Desktop\\stajjjjjjj\\laravel-school-management-system\\vendor\\laravel\\framework\\src\\Illuminate\\Container\\Util.php(37): Illuminate\\Container\\BoundMethod::Illuminate\\Container\\{closure}()
#18 C:\\Users\\arifh\\Desktop\\stajjjjjjj\\laravel-school-management-system\\vendor\\laravel\\framework\\src\\Illuminate\\Container\\BoundMethod.php(95): Illuminate\\Container\\Util::unwrapIfClosure(Object(Closure))
#19 C:\\Users\\arifh\\Desktop\\stajjjjjjj\\laravel-school-management-system\\vendor\\laravel\\framework\\src\\Illuminate\\Container\\BoundMethod.php(39): Illuminate\\Container\\BoundMethod::callBoundMethod(Object(Illuminate\\Foundation\\Application), Array, Object(Closure))
#20 C:\\Users\\arifh\\Desktop\\stajjjjjjj\\laravel-school-management-system\\vendor\\laravel\\framework\\src\\Illuminate\\Container\\Container.php(596): Illuminate\\Container\\BoundMethod::call(Object(Illuminate\\Foundation\\Application), Array, Array, NULL)
#21 C:\\Users\\arifh\\Desktop\\stajjjjjjj\\laravel-school-management-system\\vendor\\laravel\\framework\\src\\Illuminate\\Console\\Command.php(134): Illuminate\\Container\\Container->call(Array)
#22 C:\\Users\\arifh\\Desktop\\stajjjjjjj\\laravel-school-management-system\\vendor\\symfony\\console\\Command\\Command.php(258): Illuminate\\Console\\Command->execute(Object(Symfony\\Component\\Console\\Input\\ArgvInput), Object(Illuminate\\Console\\OutputStyle))
#23 C:\\Users\\arifh\\Desktop\\stajjjjjjj\\laravel-school-management-system\\vendor\\laravel\\framework\\src\\Illuminate\\Console\\Command.php(121): Symfony\\Component\\Console\\Command\\Command->run(Object(Symfony\\Component\\Console\\Input\\ArgvInput), Object(Illuminate\\Console\\OutputStyle))
#24 C:\\Users\\arifh\\Desktop\\stajjjjjjj\\laravel-school-management-system\\vendor\\symfony\\console\\Application.php(916): Illuminate\\Console\\Command->run(Object(Symfony\\Component\\Console\\Input\\ArgvInput), Object(Symfony\\Component\\Console\\Output\\ConsoleOutput))
#25 C:\\Users\\arifh\\Desktop\\stajjjjjjj\\laravel-school-management-system\\vendor\\symfony\\console\\Application.php(264): Symfony\\Component\\Console\\Application->doRunCommand(Object(Illuminate\\Database\\Console\\Migrations\\MigrateCommand), Object(Symfony\\Component\\Console\\Input\\ArgvInput), Object(Symfony\\Component\\Console\\Output\\ConsoleOutput))
#26 C:\\Users\\arifh\\Desktop\\stajjjjjjj\\laravel-school-management-system\\vendor\\symfony\\console\\Application.php(140): Symfony\\Component\\Console\\Application->doRun(Object(Symfony\\Component\\Console\\Input\\ArgvInput), Object(Symfony\\Component\\Console\\Output\\ConsoleOutput))
#27 C:\\Users\\arifh\\Desktop\\stajjjjjjj\\laravel-school-management-system\\vendor\\laravel\\framework\\src\\Illuminate\\Console\\Application.php(93): Symfony\\Component\\Console\\Application->run(Object(Symfony\\Component\\Console\\Input\\ArgvInput), Object(Symfony\\Component\\Console\\Output\\ConsoleOutput))
#28 C:\\Users\\arifh\\Desktop\\stajjjjjjj\\laravel-school-management-system\\vendor\\laravel\\framework\\src\\Illuminate\\Foundation\\Console\\Kernel.php(129): Illuminate\\Console\\Application->run(Object(Symfony\\Component\\Console\\Input\\ArgvInput), Object(Symfony\\Component\\Console\\Output\\ConsoleOutput))
#29 C:\\Users\\arifh\\Desktop\\stajjjjjjj\\laravel-school-management-system\\artisan(37): Illuminate\\Foundation\\Console\\Kernel->handle(Object(Symfony\\Component\\Console\\Input\\ArgvInput), Object(Symfony\\Component\\Console\\Output\\ConsoleOutput))
#30 {main}

[previous exception] [object] (PDOException(code: 42000): SQLSTATE[42000]: Syntax error or access violation: 1071 Specified key was too long; max key length is 767 bytes at C:\\Users\\arifh\\Desktop\\stajjjjjjj\\laravel-school-management-system\\vendor\\laravel\\framework\\src\\Illuminate\\Database\\Connection.php:464)
[stacktrace]
#0 C:\\Users\\arifh\\Desktop\\stajjjjjjj\\laravel-school-management-system\\vendor\\laravel\\framework\\src\\Illuminate\\Database\\Connection.php(464): PDOStatement->execute()
#1 C:\\Users\\arifh\\Desktop\\stajjjjjjj\\laravel-school-management-system\\vendor\\laravel\\framework\\src\\Illuminate\\Database\\Connection.php(664): Illuminate\\Database\\Connection->Illuminate\\Database\\{closure}('alter table `us...', Array)
#2 C:\\Users\\arifh\\Desktop\\stajjjjjjj\\laravel-school-management-system\\vendor\\laravel\\framework\\src\\Illuminate\\Database\\Connection.php(631): Illuminate\\Database\\Connection->runQueryCallback('alter table `us...', Array, Object(Closure))
#3 C:\\Users\\arifh\\Desktop\\stajjjjjjj\\laravel-school-management-system\\vendor\\laravel\\framework\\src\\Illuminate\\Database\\Connection.php(465): Illuminate\\Database\\Connection->run('alter table `us...', Array, Object(Closure))
#4 C:\\Users\\arifh\\Desktop\\stajjjjjjj\\laravel-school-management-system\\vendor\\laravel\\framework\\src\\Illuminate\\Database\\Schema\\Blueprint.php(102): Illuminate\\Database\\Connection->statement('alter table `us...')
#5 C:\\Users\\arifh\\Desktop\\stajjjjjjj\\laravel-school-management-system\\vendor\\laravel\\framework\\src\\Illuminate\\Database\\Schema\\Builder.php(290): Illuminate\\Database\\Schema\\Blueprint->build(Object(Illuminate\\Database\\MySqlConnection), Object(Illuminate\\Database\\Schema\\Grammars\\MySqlGrammar))
#6 C:\\Users\\arifh\\Desktop\\stajjjjjjj\\laravel-school-management-system\\vendor\\laravel\\framework\\src\\Illuminate\\Database\\Schema\\Builder.php(167): Illuminate\\Database\\Schema\\Builder->build(Object(Illuminate\\Database\\Schema\\Blueprint))
#7 C:\\Users\\arifh\\Desktop\\stajjjjjjj\\laravel-school-management-system\\vendor\\laravel\\framework\\src\\Illuminate\\Support\\Facades\\Facade.php(261): Illuminate\\Database\\Schema\\Builder->create('users', Object(Closure))
#8 C:\\Users\\arifh\\Desktop\\stajjjjjjj\\laravel-school-management-system\\database\\migrations\\2014_10_12_000000_create_users_table.php(25): Illuminate\\Support\\Facades\\Facade::__callStatic('create', Array)
#9 C:\\Users\\arifh\\Desktop\\stajjjjjjj\\laravel-school-management-system\\vendor\\laravel\\framework\\src\\Illuminate\\Database\\Migrations\\Migrator.php(392): CreateUsersTable->up()
#10 C:\\Users\\arifh\\Desktop\\stajjjjjjj\\laravel-school-management-system\\vendor\\laravel\\framework\\src\\Illuminate\\Database\\Migrations\\Migrator.php(401): Illuminate\\Database\\Migrations\\Migrator->Illuminate\\Database\\Migrations\\{closure}()
#11 C:\\Users\\arifh\\Desktop\\stajjjjjjj\\laravel-school-management-system\\vendor\\laravel\\framework\\src\\Illuminate\\Database\\Migrations\\Migrator.php(200): Illuminate\\Database\\Migrations\\Migrator->runMigration(Object(CreateUsersTable), 'up')
#12 C:\\Users\\arifh\\Desktop\\stajjjjjjj\\laravel-school-management-system\\vendor\\laravel\\framework\\src\\Illuminate\\Database\\Migrations\\Migrator.php(165): Illuminate\\Database\\Migrations\\Migrator->runUp('C:\\\\Users\\\\arifh\\\\...', 1, false)
#13 C:\\Users\\arifh\\Desktop\\stajjjjjjj\\laravel-school-management-system\\vendor\\laravel\\framework\\src\\Illuminate\\Database\\Migrations\\Migrator.php(110): Illuminate\\Database\\Migrations\\Migrator->runPending(Array, Array)
#14 C:\\Users\\arifh\\Desktop\\stajjjjjjj\\laravel-school-management-system\\vendor\\laravel\\framework\\src\\Illuminate\\Database\\Console\\Migrations\\MigrateCommand.php(72): Illuminate\\Database\\Migrations\\Migrator->run(Array, Array)
#15 C:\\Users\\arifh\\Desktop\\stajjjjjjj\\laravel-school-management-system\\vendor\\laravel\\framework\\src\\Illuminate\\Database\\Migrations\\Migrator.php(541): Illuminate\\Database\\Console\\Migrations\\MigrateCommand->Illuminate\\Database\\Console\\Migrations\\{closure}()
#16 C:\\Users\\arifh\\Desktop\\stajjjjjjj\\laravel-school-management-system\\vendor\\laravel\\framework\\src\\Illuminate\\Database\\Console\\Migrations\\MigrateCommand.php(81): Illuminate\\Database\\Migrations\\Migrator->usingConnection(NULL, Object(Closure))
#17 [internal function]: Illuminate\\Database\\Console\\Migrations\\MigrateCommand->handle()
#18 C:\\Users\\arifh\\Desktop\\stajjjjjjj\\laravel-school-management-system\\vendor\\laravel\\framework\\src\\Illuminate\\Container\\BoundMethod.php(37): call_user_func_array(Array, Array)
#19 C:\\Users\\arifh\\Desktop\\stajjjjjjj\\laravel-school-management-system\\vendor\\laravel\\framework\\src\\Illuminate\\Container\\Util.php(37): Illuminate\\Container\\BoundMethod::Illuminate\\Container\\{closure}()
#20 C:\\Users\\arifh\\Desktop\\stajjjjjjj\\laravel-school-management-system\\vendor\\laravel\\framework\\src\\Illuminate\\Container\\BoundMethod.php(95): Illuminate\\Container\\Util::unwrapIfClosure(Object(Closure))
#21 C:\\Users\\arifh\\Desktop\\stajjjjjjj\\laravel-school-management-system\\vendor\\laravel\\framework\\src\\Illuminate\\Container\\BoundMethod.php(39): Illuminate\\Container\\BoundMethod::callBoundMethod(Object(Illuminate\\Foundation\\Application), Array, Object(Closure))
#22 C:\\Users\\arifh\\Desktop\\stajjjjjjj\\laravel-school-management-system\\vendor\\laravel\\framework\\src\\Illuminate\\Container\\Container.php(596): Illuminate\\Container\\BoundMethod::call(Object(Illuminate\\Foundation\\Application), Array, Array, NULL)
#23 C:\\Users\\arifh\\Desktop\\stajjjjjjj\\laravel-school-management-system\\vendor\\laravel\\framework\\src\\Illuminate\\Console\\Command.php(134): Illuminate\\Container\\Container->call(Array)
#24 C:\\Users\\arifh\\Desktop\\stajjjjjjj\\laravel-school-management-system\\vendor\\symfony\\console\\Command\\Command.php(258): Illuminate\\Console\\Command->execute(Object(Symfony\\Component\\Console\\Input\\ArgvInput), Object(Illuminate\\Console\\OutputStyle))
#25 C:\\Users\\arifh\\Desktop\\stajjjjjjj\\laravel-school-management-system\\vendor\\laravel\\framework\\src\\Illuminate\\Console\\Command.php(121): Symfony\\Component\\Console\\Command\\Command->run(Object(Symfony\\Component\\Console\\Input\\ArgvInput), Object(Illuminate\\Console\\OutputStyle))
#26 C:\\Users\\arifh\\Desktop\\stajjjjjjj\\laravel-school-management-system\\vendor\\symfony\\console\\Application.php(916): Illuminate\\Console\\Command->run(Object(Symfony\\Component\\Console\\Input\\ArgvInput), Object(Symfony\\Component\\Console\\Output\\ConsoleOutput))
#27 C:\\Users\\arifh\\Desktop\\stajjjjjjj\\laravel-school-management-system\\vendor\\symfony\\console\\Application.php(264): Symfony\\Component\\Console\\Application->doRunCommand(Object(Illuminate\\Database\\Console\\Migrations\\MigrateCommand), Object(Symfony\\Component\\Console\\Input\\ArgvInput), Object(Symfony\\Component\\Console\\Output\\ConsoleOutput))
#28 C:\\Users\\arifh\\Desktop\\stajjjjjjj\\laravel-school-management-system\\vendor\\symfony\\console\\Application.php(140): Symfony\\Component\\Console\\Application->doRun(Object(Symfony\\Component\\Console\\Input\\ArgvInput), Object(Symfony\\Component\\Console\\Output\\ConsoleOutput))
#29 C:\\Users\\arifh\\Desktop\\stajjjjjjj\\laravel-school-management-system\\vendor\\laravel\\framework\\src\\Illuminate\\Console\\Application.php(93): Symfony\\Component\\Console\\Application->run(Object(Symfony\\Component\\Console\\Input\\ArgvInput), Object(Symfony\\Component\\Console\\Output\\ConsoleOutput))
#30 C:\\Users\\arifh\\Desktop\\stajjjjjjj\\laravel-school-management-system\\vendor\\laravel\\framework\\src\\Illuminate\\Foundation\\Console\\Kernel.php(129): Illuminate\\Console\\Application->run(Object(Symfony\\Component\\Console\\Input\\ArgvInput), Object(Symfony\\Component\\Console\\Output\\ConsoleOutput))
#31 C:\\Users\\arifh\\Desktop\\stajjjjjjj\\laravel-school-management-system\\artisan(37): Illuminate\\Foundation\\Console\\Kernel->handle(Object(Symfony\\Component\\Console\\Input\\ArgvInput), Object(Symfony\\Component\\Console\\Output\\ConsoleOutput))
#32 {main}
"} 
[2023-08-02 17:38:08] local.ERROR: Class 'App\Providers\Schema' not found {"exception":"[object] (Error(code: 0): Class 'App\\Providers\\Schema' not found at C:\\Users\\arifh\\Desktop\\stajjjjjjj\\laravel-school-management-system\\app\\Providers\\AppServiceProvider.php:26)
[stacktrace]
#0 [internal function]: App\\Providers\\AppServiceProvider->boot()
#1 C:\\Users\\arifh\\Desktop\\stajjjjjjj\\laravel-school-management-system\\vendor\\laravel\\framework\\src\\Illuminate\\Container\\BoundMethod.php(37): call_user_func_array(Array, Array)
#2 C:\\Users\\arifh\\Desktop\\stajjjjjjj\\laravel-school-management-system\\vendor\\laravel\\framework\\src\\Illuminate\\Container\\Util.php(37): Illuminate\\Container\\BoundMethod::Illuminate\\Container\\{closure}()
#3 C:\\Users\\arifh\\Desktop\\stajjjjjjj\\laravel-school-management-system\\vendor\\laravel\\framework\\src\\Illuminate\\Container\\BoundMethod.php(95): Illuminate\\Container\\Util::unwrapIfClosure(Object(Closure))
#4 C:\\Users\\arifh\\Desktop\\stajjjjjjj\\laravel-school-management-system\\vendor\\laravel\\framework\\src\\Illuminate\\Container\\BoundMethod.php(39): Illuminate\\Container\\BoundMethod::callBoundMethod(Object(Illuminate\\Foundation\\Application), Array, Object(Closure))
#5 C:\\Users\\arifh\\Desktop\\stajjjjjjj\\laravel-school-management-system\\vendor\\laravel\\framework\\src\\Illuminate\\Container\\Container.php(596): Illuminate\\Container\\BoundMethod::call(Object(Illuminate\\Foundation\\Application), Array, Array, NULL)
#6 C:\\Users\\arifh\\Desktop\\stajjjjjjj\\laravel-school-management-system\\vendor\\laravel\\framework\\src\\Illuminate\\Foundation\\Application.php(867): Illuminate\\Container\\Container->call(Array)
#7 C:\\Users\\arifh\\Desktop\\stajjjjjjj\\laravel-school-management-system\\vendor\\laravel\\framework\\src\\Illuminate\\Foundation\\Application.php(850): Illuminate\\Foundation\\Application->bootProvider(Object(App\\Providers\\AppServiceProvider))
#8 [internal function]: Illuminate\\Foundation\\Application->Illuminate\\Foundation\\{closure}(Object(App\\Providers\\AppServiceProvider), 21)
#9 C:\\Users\\arifh\\Desktop\\stajjjjjjj\\laravel-school-management-system\\vendor\\laravel\\framework\\src\\Illuminate\\Foundation\\Application.php(851): array_walk(Array, Object(Closure))
#10 C:\\Users\\arifh\\Desktop\\stajjjjjjj\\laravel-school-management-system\\vendor\\laravel\\framework\\src\\Illuminate\\Foundation\\Bootstrap\\BootProviders.php(17): Illuminate\\Foundation\\Application->boot()
#11 C:\\Users\\arifh\\Desktop\\stajjjjjjj\\laravel-school-management-system\\vendor\\laravel\\framework\\src\\Illuminate\\Foundation\\Application.php(230): Illuminate\\Foundation\\Bootstrap\\BootProviders->bootstrap(Object(Illuminate\\Foundation\\Application))
#12 C:\\Users\\arifh\\Desktop\\stajjjjjjj\\laravel-school-management-system\\vendor\\laravel\\framework\\src\\Illuminate\\Foundation\\Console\\Kernel.php(310): Illuminate\\Foundation\\Application->bootstrapWith(Array)
#13 C:\\Users\\arifh\\Desktop\\stajjjjjjj\\laravel-school-management-system\\vendor\\laravel\\framework\\src\\Illuminate\\Foundation\\Console\\Kernel.php(127): Illuminate\\Foundation\\Console\\Kernel->bootstrap()
#14 C:\\Users\\arifh\\Desktop\\stajjjjjjj\\laravel-school-management-system\\artisan(37): Illuminate\\Foundation\\Console\\Kernel->handle(Object(Symfony\\Component\\Console\\Input\\ArgvInput), Object(Symfony\\Component\\Console\\Output\\ConsoleOutput))
#15 {main}
"} 
